1742049576202:list
1742049771568:add --description "Complete the project"
1742049779658:list
1742049813074:update --id 67d2d03389f8d57aadcfad6b --description "Review the project"
1742049858921:update --id 67d591eb13a8c74dde5141b7  --description "Review the project"
1742049890656:status --id 67d2d03389f8d57aadcfad6b --status "in-progress"
1742049918212:status --id 67d591eb13a8c74dde5141b7 --status "in-progress"
1742049941911:delete --id 67d2d03389f8d57aadcfad6b
1742049968824:delete --id 67d5905fafef4c4f2d073bd1
1742050185886:mongod
1742050198370:mongo
1742050367918:s
1742050397291:idspik
1742050401284:-to" so o"
1742050406459:d
1742050411549:a"aderpkd"d
1742050435333:add "a"
1742050438996:list
1742050501477:it
1742050528855:d -ecin"as"
1742050548883:lslsad-dsripto tka -ecpi Ts a"\nad-dsrpin"etTak
1742050563130:add --description "Test Task"
1742050570712:list
1742050626966:update --id 67d5950402bb4033db61ed2c --description "Review the project"
1742050629401:list
1742050664093:status id 67d5950402bb4033db61ed2c --status "in-progress"
1742050673257:status --id 67d5950402bb4033db61ed2c --status "in-progress"
1742050676440:list
1742050704152:delete --id 67d59483c6656f7ed02271d9
1742050809037:list
1742050849487:add --description "complete project"
1742050853441:list
1742050890032:update --id 67d59621febf0d015124a2b3 --description "review project"
1742050892796:list
1742050928286:status --id 67d59621febf0d015124a2b3 status "in-progress"
1742050962708:status --id 67d59621febf0d015124a2b3 --status "in-progress"
1742050969758:list
1742050988442:delete --id 67d59621febf0d015124a2b3
1742050993750:list
1742051007268:delete --id 67d59621febf0d015124a2b3
1742051146284:f
1742051162989:list "todo\n"
1742051171073:list "todo"
1742051175263:list toto
1742051178323:list totfggggggggd
1742051180787:li
1742051206383:ltls
1742051212106:is itf
1742051216775:list
1742051220678:lis
1742051254383:it
1742051286275:list
1742051932912:add "good"
1742051935880:lsit
1742051939661:list
1742052254339:pdaeudt 7906ffc20b0"oo\npaeudt 7506ffcfd7b0"o"\n\npaeudt 7506ffcfd7b0"o""
1742052260039:itls
1742052295857:list
1742052306889:update 67d59056afef4c4f2d073bd0 "ooooooo"
1742052308531:list
1742052340035:status update 67d59056afef4c4f2d073bd0 done
1742052354756:status 67d59056afef4c4f2d073bd0 done
1742052356521:list
1742052366613:add "bye"
1742052372553:list
1742052411757:update 67d59c0e52528f42bd51c430 "good bye"
1742052412921:list
1742054690273:add "ff"
1742054692448:list
